<?xml version="1.0" encoding="UTF-8"?>
<testng-results ignored="0" total="1" passed="1" failed="0" skipped="0">
  <reporter-output>
  </reporter-output>
  <suite started-at="2024-03-05T11:17:42 GMT" name="Default suite" finished-at="2024-03-05T11:17:45 GMT" duration-ms="3369">
    <groups>
    </groups>
    <test started-at="2024-03-05T11:17:42 GMT" name="Default test" finished-at="2024-03-05T11:17:45 GMT" duration-ms="3369">
      <class name="stepDefs.CreateBookingWithPojo">
        <test-method signature="bookingWithPojoRequest()[pri:0, instance:stepDefs.CreateBookingWithPojo@4686afc2]" started-at="2024-03-05T11:17:42 GMT" name="bookingWithPojoRequest" finished-at="2024-03-05T11:17:45 GMT" duration-ms="3305" status="PASS">
          <reporter-output>
          </reporter-output>
        </test-method> <!-- bookingWithPojoRequest -->
      </class> <!-- stepDefs.CreateBookingWithPojo -->
    </test> <!-- Default test -->
  </suite> <!-- Default suite -->
</testng-results>
